2025-11-13 09:24:39 - ===== Starting User Provisioning =====
2025-11-13 09:24:39 - Password file path: /mnt/c/Users/vempa/OneDrive/Desktop/User Management Automation/passwords.txt
2025-11-13 09:24:39 - Log file path: /mnt/c/Users/vempa/OneDrive/Desktop/User Management Automation/user_management.log
2025-11-13 09:24:39 - Processing user: light
2025-11-13 09:24:39 - User exists → updating
2025-11-13 09:24:40 - Added light to 0
2025-11-13 09:24:40 - Home fixed
2025-11-13 09:24:40 - SKIP: No password change for existing user
2025-11-13 09:24:40 - Processing user: siyoni
2025-11-13 09:24:40 - User exists → updating
2025-11-13 09:24:40 - Added siyoni to 0
2025-11-13 09:24:40 - Home fixed
2025-11-13 09:24:40 - SKIP: No password change for existing user
2025-11-13 09:24:40 - Processing user: manoj
2025-11-13 09:24:40 - User exists → updating
2025-11-13 09:24:40 - Added manoj to 0
2025-11-13 09:24:40 - Home fixed
2025-11-13 09:24:40 - SKIP: No password change for existing user
2025-11-13 09:24:40 - Processing user: manojkumar
2025-11-13 09:24:40 - User exists → updating
2025-11-13 09:24:40 - Added manojkumar to 0
2025-11-13 09:24:40 - Home fixed
2025-11-13 09:24:40 - SKIP: No password change for existing user
2025-11-13 09:24:40 - Processing user: sriram
2025-11-13 09:24:40 - Created user: sriram
2025-11-13 09:24:40 - Generated password for sriram: LG0UK.Pf1uH0
2025-11-13 09:24:40 - Saved password to file
2025-11-13 09:24:40 - WSL detected → password NOT applied
2025-11-13 09:24:40 - ===== User Provisioning Completed =====
